<?xml version="1.0" encoding="UTF-8" ?>
<testsuites id="2026-01-10" name="report_1" tests="3" failures="0" skipped="0" flaky="0" time="0.000">
	<testsuite id="0" name="network_enet_test" package="test/networking" timestamp="2026-01-11T06:41:11" hostname="localhost" tests="2" failures="0" errors="0" skipped="0" flaky="0" time="0.063">
		<testcase name="test_become_host_connected_players_includes_host" classname="network_enet_test" time="0.020">
		</testcase>
		<testcase name="test_become_host_is_host_on_signal" classname="network_enet_test" time="0.022">
		</testcase>
	</testsuite>
	<testsuite id="1" name="network_steam_test" package="test/networking" timestamp="2026-01-11T06:41:12" hostname="localhost" tests="1" failures="0" errors="0" skipped="0" flaky="0" time="0.041">
		<testcase name="test_become_host_is_host_on_signal" classname="network_steam_test" time="0.028">
		</testcase>
	</testsuite>
</testsuites>
